<?xml version="1.0" encoding="UTF-8"?>
<testsuite xmlns:xsi="http://www.w3.org/2001/XMLSchema-instance" xsi:noNamespaceSchemaLocation="https://maven.apache.org/surefire/maven-surefire-plugin/xsd/surefire-test-report-3.0.xsd" version="3.0" name="com.agentic.GradingSystemTest" time="0.184" tests="8" errors="0" skipped="0" failures="0">
  <properties>
    <property name="java.specification.version" value="23"/>
    <property name="sun.jnu.encoding" value="UTF-8"/>
    <property name="java.class.path" value="/Users/nishitamatlani/Documents/GitHub/Graddie_project/target/test-classes:/Users/nishitamatlani/Documents/GitHub/Graddie_project/target/classes:/Users/nishitamatlani/.m2/repository/com/typesafe/akka/akka-actor-typed_2.13/2.8.5/akka-actor-typed_2.13-2.8.5.jar:/Users/nishitamatlani/.m2/repository/org/scala-lang/scala-library/2.13.11/scala-library-2.13.11.jar:/Users/nishitamatlani/.m2/repository/com/typesafe/akka/akka-actor_2.13/2.8.5/akka-actor_2.13-2.8.5.jar:/Users/nishitamatlani/.m2/repository/com/typesafe/config/1.4.2/config-1.4.2.jar:/Users/nishitamatlani/.m2/repository/org/scala-lang/modules/scala-java8-compat_2.13/1.0.0/scala-java8-compat_2.13-1.0.0.jar:/Users/nishitamatlani/.m2/repository/com/typesafe/akka/akka-slf4j_2.13/2.8.5/akka-slf4j_2.13-2.8.5.jar:/Users/nishitamatlani/.m2/repository/com/typesafe/akka/akka-cluster-typed_2.13/2.8.5/akka-cluster-typed_2.13-2.8.5.jar:/Users/nishitamatlani/.m2/repository/com/typesafe/akka/akka-cluster_2.13/2.8.5/akka-cluster_2.13-2.8.5.jar:/Users/nishitamatlani/.m2/repository/com/typesafe/akka/akka-remote_2.13/2.8.5/akka-remote_2.13-2.8.5.jar:/Users/nishitamatlani/.m2/repository/com/typesafe/akka/akka-stream_2.13/2.8.5/akka-stream_2.13-2.8.5.jar:/Users/nishitamatlani/.m2/repository/com/typesafe/akka/akka-protobuf-v3_2.13/2.8.5/akka-protobuf-v3_2.13-2.8.5.jar:/Users/nishitamatlani/.m2/repository/org/reactivestreams/reactive-streams/1.0.4/reactive-streams-1.0.4.jar:/Users/nishitamatlani/.m2/repository/com/typesafe/ssl-config-core_2.13/0.6.1/ssl-config-core_2.13-0.6.1.jar:/Users/nishitamatlani/.m2/repository/com/typesafe/akka/akka-pki_2.13/2.8.5/akka-pki_2.13-2.8.5.jar:/Users/nishitamatlani/.m2/repository/com/hierynomus/asn-one/0.6.0/asn-one-0.6.0.jar:/Users/nishitamatlani/.m2/repository/org/agrona/agrona/1.17.1/agrona-1.17.1.jar:/Users/nishitamatlani/.m2/repository/com/typesafe/akka/akka-coordination_2.13/2.8.5/akka-coordination_2.13-2.8.5.jar:/Users/nishitamatlani/.m2/repository/com/typesafe/akka/akka-cluster-tools_2.13/2.8.5/akka-cluster-tools_2.13-2.8.5.jar:/Users/nishitamatlani/.m2/repository/com/typesafe/akka/akka-distributed-data_2.13/2.8.5/akka-distributed-data_2.13-2.8.5.jar:/Users/nishitamatlani/.m2/repository/org/lmdbjava/lmdbjava/0.8.3/lmdbjava-0.8.3.jar:/Users/nishitamatlani/.m2/repository/com/github/jnr/jnr-constants/0.10.4/jnr-constants-0.10.4.jar:/Users/nishitamatlani/.m2/repository/com/github/jnr/jnr-ffi/2.2.13/jnr-ffi-2.2.13.jar:/Users/nishitamatlani/.m2/repository/com/github/jnr/jffi/1.3.10/jffi-1.3.10.jar:/Users/nishitamatlani/.m2/repository/com/github/jnr/jffi/1.3.10/jffi-1.3.10-native.jar:/Users/nishitamatlani/.m2/repository/org/ow2/asm/asm/9.2/asm-9.2.jar:/Users/nishitamatlani/.m2/repository/org/ow2/asm/asm-commons/9.2/asm-commons-9.2.jar:/Users/nishitamatlani/.m2/repository/org/ow2/asm/asm-analysis/9.2/asm-analysis-9.2.jar:/Users/nishitamatlani/.m2/repository/org/ow2/asm/asm-tree/9.2/asm-tree-9.2.jar:/Users/nishitamatlani/.m2/repository/org/ow2/asm/asm-util/9.2/asm-util-9.2.jar:/Users/nishitamatlani/.m2/repository/com/github/jnr/jnr-a64asm/1.0.0/jnr-a64asm-1.0.0.jar:/Users/nishitamatlani/.m2/repository/com/github/jnr/jnr-x86asm/1.0.2/jnr-x86asm-1.0.2.jar:/Users/nishitamatlani/.m2/repository/com/typesafe/akka/akka-serialization-jackson_2.13/2.8.5/akka-serialization-jackson_2.13-2.8.5.jar:/Users/nishitamatlani/.m2/repository/com/fasterxml/jackson/datatype/jackson-datatype-jdk8/2.13.5/jackson-datatype-jdk8-2.13.5.jar:/Users/nishitamatlani/.m2/repository/com/fasterxml/jackson/datatype/jackson-datatype-jsr310/2.13.5/jackson-datatype-jsr310-2.13.5.jar:/Users/nishitamatlani/.m2/repository/com/fasterxml/jackson/module/jackson-module-parameter-names/2.13.5/jackson-module-parameter-names-2.13.5.jar:/Users/nishitamatlani/.m2/repository/com/fasterxml/jackson/dataformat/jackson-dataformat-cbor/2.13.5/jackson-dataformat-cbor-2.13.5.jar:/Users/nishitamatlani/.m2/repository/com/fasterxml/jackson/module/jackson-module-scala_2.13/2.13.5/jackson-module-scala_2.13-2.13.5.jar:/Users/nishitamatlani/.m2/repository/com/thoughtworks/paranamer/paranamer/2.8/paranamer-2.8.jar:/Users/nishitamatlani/.m2/repository/org/lz4/lz4-java/1.8.0/lz4-java-1.8.0.jar:/Users/nishitamatlani/.m2/repository/com/typesafe/akka/akka-http_2.13/10.5.3/akka-http_2.13-10.5.3.jar:/Users/nishitamatlani/.m2/repository/com/typesafe/akka/akka-http-core_2.13/10.5.3/akka-http-core_2.13-10.5.3.jar:/Users/nishitamatlani/.m2/repository/com/typesafe/akka/akka-parsing_2.13/10.5.3/akka-parsing_2.13-10.5.3.jar:/Users/nishitamatlani/.m2/repository/com/typesafe/akka/akka-http-jackson_2.13/10.5.3/akka-http-jackson_2.13-10.5.3.jar:/Users/nishitamatlani/.m2/repository/com/fasterxml/jackson/core/jackson-core/2.13.5/jackson-core-2.13.5.jar:/Users/nishitamatlani/.m2/repository/com/fasterxml/jackson/core/jackson-databind/2.13.5/jackson-databind-2.13.5.jar:/Users/nishitamatlani/.m2/repository/com/fasterxml/jackson/core/jackson-annotations/2.13.5/jackson-annotations-2.13.5.jar:/Users/nishitamatlani/.m2/repository/com/squareup/okhttp3/okhttp/4.12.0/okhttp-4.12.0.jar:/Users/nishitamatlani/.m2/repository/com/squareup/okio/okio/3.6.0/okio-3.6.0.jar:/Users/nishitamatlani/.m2/repository/com/squareup/okio/okio-jvm/3.6.0/okio-jvm-3.6.0.jar:/Users/nishitamatlani/.m2/repository/org/jetbrains/kotlin/kotlin-stdlib-common/1.9.10/kotlin-stdlib-common-1.9.10.jar:/Users/nishitamatlani/.m2/repository/org/jetbrains/kotlin/kotlin-stdlib-jdk8/1.8.21/kotlin-stdlib-jdk8-1.8.21.jar:/Users/nishitamatlani/.m2/repository/org/jetbrains/kotlin/kotlin-stdlib/1.8.21/kotlin-stdlib-1.8.21.jar:/Users/nishitamatlani/.m2/repository/org/jetbrains/annotations/13.0/annotations-13.0.jar:/Users/nishitamatlani/.m2/repository/org/jetbrains/kotlin/kotlin-stdlib-jdk7/1.8.21/kotlin-stdlib-jdk7-1.8.21.jar:/Users/nishitamatlani/.m2/repository/org/apache/commons/commons-csv/1.10.0/commons-csv-1.10.0.jar:/Users/nishitamatlani/.m2/repository/org/slf4j/slf4j-api/2.0.9/slf4j-api-2.0.9.jar:/Users/nishitamatlani/.m2/repository/ch/qos/logback/logback-classic/1.4.11/logback-classic-1.4.11.jar:/Users/nishitamatlani/.m2/repository/ch/qos/logback/logback-core/1.4.11/logback-core-1.4.11.jar:/Users/nishitamatlani/.m2/repository/org/junit/jupiter/junit-jupiter/5.10.0/junit-jupiter-5.10.0.jar:/Users/nishitamatlani/.m2/repository/org/junit/jupiter/junit-jupiter-api/5.10.0/junit-jupiter-api-5.10.0.jar:/Users/nishitamatlani/.m2/repository/org/opentest4j/opentest4j/1.3.0/opentest4j-1.3.0.jar:/Users/nishitamatlani/.m2/repository/org/junit/platform/junit-platform-commons/1.10.0/junit-platform-commons-1.10.0.jar:/Users/nishitamatlani/.m2/repository/org/apiguardian/apiguardian-api/1.1.2/apiguardian-api-1.1.2.jar:/Users/nishitamatlani/.m2/repository/org/junit/jupiter/junit-jupiter-params/5.10.0/junit-jupiter-params-5.10.0.jar:/Users/nishitamatlani/.m2/repository/org/junit/jupiter/junit-jupiter-engine/5.10.0/junit-jupiter-engine-5.10.0.jar:/Users/nishitamatlani/.m2/repository/org/junit/platform/junit-platform-engine/1.10.0/junit-platform-engine-1.10.0.jar:/Users/nishitamatlani/.m2/repository/com/typesafe/akka/akka-actor-testkit-typed_2.13/2.8.5/akka-actor-testkit-typed_2.13-2.8.5.jar:/Users/nishitamatlani/.m2/repository/com/typesafe/akka/akka-testkit_2.13/2.8.5/akka-testkit_2.13-2.8.5.jar:"/>
    <property name="java.vm.vendor" value="Homebrew"/>
    <property name="sun.arch.data.model" value="64"/>
    <property name="java.vendor.url" value="https://github.com/Homebrew/homebrew-core/issues"/>
    <property name="user.timezone" value="America/New_York"/>
    <property name="os.name" value="Mac OS X"/>
    <property name="java.vm.specification.version" value="23"/>
    <property name="sun.java.launcher" value="SUN_STANDARD"/>
    <property name="user.country" value="US"/>
    <property name="sun.boot.library.path" value="/opt/homebrew/Cellar/openjdk/23.0.2/libexec/openjdk.jdk/Contents/Home/lib"/>
    <property name="sun.java.command" value="/Users/nishitamatlani/Documents/GitHub/Graddie_project/target/surefire/surefirebooter-20250811155722510_3.jar /Users/nishitamatlani/Documents/GitHub/Graddie_project/target/surefire 2025-08-11T15-57-22_471-jvmRun1 surefire-20250811155722510_1tmp surefire_0-20250811155722510_2tmp"/>
    <property name="http.nonProxyHosts" value="local|*.local|169.254/16|*.169.254/16"/>
    <property name="jdk.debug" value="release"/>
    <property name="test" value="com.agentic.GradingSystemTest"/>
    <property name="surefire.test.class.path" value="/Users/nishitamatlani/Documents/GitHub/Graddie_project/target/test-classes:/Users/nishitamatlani/Documents/GitHub/Graddie_project/target/classes:/Users/nishitamatlani/.m2/repository/com/typesafe/akka/akka-actor-typed_2.13/2.8.5/akka-actor-typed_2.13-2.8.5.jar:/Users/nishitamatlani/.m2/repository/org/scala-lang/scala-library/2.13.11/scala-library-2.13.11.jar:/Users/nishitamatlani/.m2/repository/com/typesafe/akka/akka-actor_2.13/2.8.5/akka-actor_2.13-2.8.5.jar:/Users/nishitamatlani/.m2/repository/com/typesafe/config/1.4.2/config-1.4.2.jar:/Users/nishitamatlani/.m2/repository/org/scala-lang/modules/scala-java8-compat_2.13/1.0.0/scala-java8-compat_2.13-1.0.0.jar:/Users/nishitamatlani/.m2/repository/com/typesafe/akka/akka-slf4j_2.13/2.8.5/akka-slf4j_2.13-2.8.5.jar:/Users/nishitamatlani/.m2/repository/com/typesafe/akka/akka-cluster-typed_2.13/2.8.5/akka-cluster-typed_2.13-2.8.5.jar:/Users/nishitamatlani/.m2/repository/com/typesafe/akka/akka-cluster_2.13/2.8.5/akka-cluster_2.13-2.8.5.jar:/Users/nishitamatlani/.m2/repository/com/typesafe/akka/akka-remote_2.13/2.8.5/akka-remote_2.13-2.8.5.jar:/Users/nishitamatlani/.m2/repository/com/typesafe/akka/akka-stream_2.13/2.8.5/akka-stream_2.13-2.8.5.jar:/Users/nishitamatlani/.m2/repository/com/typesafe/akka/akka-protobuf-v3_2.13/2.8.5/akka-protobuf-v3_2.13-2.8.5.jar:/Users/nishitamatlani/.m2/repository/org/reactivestreams/reactive-streams/1.0.4/reactive-streams-1.0.4.jar:/Users/nishitamatlani/.m2/repository/com/typesafe/ssl-config-core_2.13/0.6.1/ssl-config-core_2.13-0.6.1.jar:/Users/nishitamatlani/.m2/repository/com/typesafe/akka/akka-pki_2.13/2.8.5/akka-pki_2.13-2.8.5.jar:/Users/nishitamatlani/.m2/repository/com/hierynomus/asn-one/0.6.0/asn-one-0.6.0.jar:/Users/nishitamatlani/.m2/repository/org/agrona/agrona/1.17.1/agrona-1.17.1.jar:/Users/nishitamatlani/.m2/repository/com/typesafe/akka/akka-coordination_2.13/2.8.5/akka-coordination_2.13-2.8.5.jar:/Users/nishitamatlani/.m2/repository/com/typesafe/akka/akka-cluster-tools_2.13/2.8.5/akka-cluster-tools_2.13-2.8.5.jar:/Users/nishitamatlani/.m2/repository/com/typesafe/akka/akka-distributed-data_2.13/2.8.5/akka-distributed-data_2.13-2.8.5.jar:/Users/nishitamatlani/.m2/repository/org/lmdbjava/lmdbjava/0.8.3/lmdbjava-0.8.3.jar:/Users/nishitamatlani/.m2/repository/com/github/jnr/jnr-constants/0.10.4/jnr-constants-0.10.4.jar:/Users/nishitamatlani/.m2/repository/com/github/jnr/jnr-ffi/2.2.13/jnr-ffi-2.2.13.jar:/Users/nishitamatlani/.m2/repository/com/github/jnr/jffi/1.3.10/jffi-1.3.10.jar:/Users/nishitamatlani/.m2/repository/com/github/jnr/jffi/1.3.10/jffi-1.3.10-native.jar:/Users/nishitamatlani/.m2/repository/org/ow2/asm/asm/9.2/asm-9.2.jar:/Users/nishitamatlani/.m2/repository/org/ow2/asm/asm-commons/9.2/asm-commons-9.2.jar:/Users/nishitamatlani/.m2/repository/org/ow2/asm/asm-analysis/9.2/asm-analysis-9.2.jar:/Users/nishitamatlani/.m2/repository/org/ow2/asm/asm-tree/9.2/asm-tree-9.2.jar:/Users/nishitamatlani/.m2/repository/org/ow2/asm/asm-util/9.2/asm-util-9.2.jar:/Users/nishitamatlani/.m2/repository/com/github/jnr/jnr-a64asm/1.0.0/jnr-a64asm-1.0.0.jar:/Users/nishitamatlani/.m2/repository/com/github/jnr/jnr-x86asm/1.0.2/jnr-x86asm-1.0.2.jar:/Users/nishitamatlani/.m2/repository/com/typesafe/akka/akka-serialization-jackson_2.13/2.8.5/akka-serialization-jackson_2.13-2.8.5.jar:/Users/nishitamatlani/.m2/repository/com/fasterxml/jackson/datatype/jackson-datatype-jdk8/2.13.5/jackson-datatype-jdk8-2.13.5.jar:/Users/nishitamatlani/.m2/repository/com/fasterxml/jackson/datatype/jackson-datatype-jsr310/2.13.5/jackson-datatype-jsr310-2.13.5.jar:/Users/nishitamatlani/.m2/repository/com/fasterxml/jackson/module/jackson-module-parameter-names/2.13.5/jackson-module-parameter-names-2.13.5.jar:/Users/nishitamatlani/.m2/repository/com/fasterxml/jackson/dataformat/jackson-dataformat-cbor/2.13.5/jackson-dataformat-cbor-2.13.5.jar:/Users/nishitamatlani/.m2/repository/com/fasterxml/jackson/module/jackson-module-scala_2.13/2.13.5/jackson-module-scala_2.13-2.13.5.jar:/Users/nishitamatlani/.m2/repository/com/thoughtworks/paranamer/paranamer/2.8/paranamer-2.8.jar:/Users/nishitamatlani/.m2/repository/org/lz4/lz4-java/1.8.0/lz4-java-1.8.0.jar:/Users/nishitamatlani/.m2/repository/com/typesafe/akka/akka-http_2.13/10.5.3/akka-http_2.13-10.5.3.jar:/Users/nishitamatlani/.m2/repository/com/typesafe/akka/akka-http-core_2.13/10.5.3/akka-http-core_2.13-10.5.3.jar:/Users/nishitamatlani/.m2/repository/com/typesafe/akka/akka-parsing_2.13/10.5.3/akka-parsing_2.13-10.5.3.jar:/Users/nishitamatlani/.m2/repository/com/typesafe/akka/akka-http-jackson_2.13/10.5.3/akka-http-jackson_2.13-10.5.3.jar:/Users/nishitamatlani/.m2/repository/com/fasterxml/jackson/core/jackson-core/2.13.5/jackson-core-2.13.5.jar:/Users/nishitamatlani/.m2/repository/com/fasterxml/jackson/core/jackson-databind/2.13.5/jackson-databind-2.13.5.jar:/Users/nishitamatlani/.m2/repository/com/fasterxml/jackson/core/jackson-annotations/2.13.5/jackson-annotations-2.13.5.jar:/Users/nishitamatlani/.m2/repository/com/squareup/okhttp3/okhttp/4.12.0/okhttp-4.12.0.jar:/Users/nishitamatlani/.m2/repository/com/squareup/okio/okio/3.6.0/okio-3.6.0.jar:/Users/nishitamatlani/.m2/repository/com/squareup/okio/okio-jvm/3.6.0/okio-jvm-3.6.0.jar:/Users/nishitamatlani/.m2/repository/org/jetbrains/kotlin/kotlin-stdlib-common/1.9.10/kotlin-stdlib-common-1.9.10.jar:/Users/nishitamatlani/.m2/repository/org/jetbrains/kotlin/kotlin-stdlib-jdk8/1.8.21/kotlin-stdlib-jdk8-1.8.21.jar:/Users/nishitamatlani/.m2/repository/org/jetbrains/kotlin/kotlin-stdlib/1.8.21/kotlin-stdlib-1.8.21.jar:/Users/nishitamatlani/.m2/repository/org/jetbrains/annotations/13.0/annotations-13.0.jar:/Users/nishitamatlani/.m2/repository/org/jetbrains/kotlin/kotlin-stdlib-jdk7/1.8.21/kotlin-stdlib-jdk7-1.8.21.jar:/Users/nishitamatlani/.m2/repository/org/apache/commons/commons-csv/1.10.0/commons-csv-1.10.0.jar:/Users/nishitamatlani/.m2/repository/org/slf4j/slf4j-api/2.0.9/slf4j-api-2.0.9.jar:/Users/nishitamatlani/.m2/repository/ch/qos/logback/logback-classic/1.4.11/logback-classic-1.4.11.jar:/Users/nishitamatlani/.m2/repository/ch/qos/logback/logback-core/1.4.11/logback-core-1.4.11.jar:/Users/nishitamatlani/.m2/repository/org/junit/jupiter/junit-jupiter/5.10.0/junit-jupiter-5.10.0.jar:/Users/nishitamatlani/.m2/repository/org/junit/jupiter/junit-jupiter-api/5.10.0/junit-jupiter-api-5.10.0.jar:/Users/nishitamatlani/.m2/repository/org/opentest4j/opentest4j/1.3.0/opentest4j-1.3.0.jar:/Users/nishitamatlani/.m2/repository/org/junit/platform/junit-platform-commons/1.10.0/junit-platform-commons-1.10.0.jar:/Users/nishitamatlani/.m2/repository/org/apiguardian/apiguardian-api/1.1.2/apiguardian-api-1.1.2.jar:/Users/nishitamatlani/.m2/repository/org/junit/jupiter/junit-jupiter-params/5.10.0/junit-jupiter-params-5.10.0.jar:/Users/nishitamatlani/.m2/repository/org/junit/jupiter/junit-jupiter-engine/5.10.0/junit-jupiter-engine-5.10.0.jar:/Users/nishitamatlani/.m2/repository/org/junit/platform/junit-platform-engine/1.10.0/junit-platform-engine-1.10.0.jar:/Users/nishitamatlani/.m2/repository/com/typesafe/akka/akka-actor-testkit-typed_2.13/2.8.5/akka-actor-testkit-typed_2.13-2.8.5.jar:/Users/nishitamatlani/.m2/repository/com/typesafe/akka/akka-testkit_2.13/2.8.5/akka-testkit_2.13-2.8.5.jar:"/>
    <property name="sun.cpu.endian" value="little"/>
    <property name="user.home" value="/Users/nishitamatlani"/>
    <property name="user.language" value="en"/>
    <property name="java.specification.vendor" value="Oracle Corporation"/>
    <property name="java.version.date" value="2025-01-21"/>
    <property name="java.home" value="/opt/homebrew/Cellar/openjdk/23.0.2/libexec/openjdk.jdk/Contents/Home"/>
    <property name="file.separator" value="/"/>
    <property name="basedir" value="/Users/nishitamatlani/Documents/GitHub/Graddie_project"/>
    <property name="java.vm.compressedOopsMode" value="Zero based"/>
    <property name="line.separator" value="&#10;"/>
    <property name="java.vm.specification.vendor" value="Oracle Corporation"/>
    <property name="java.specification.name" value="Java Platform API Specification"/>
    <property name="apple.awt.application.name" value="ForkedBooter"/>
    <property name="surefire.real.class.path" value="/Users/nishitamatlani/Documents/GitHub/Graddie_project/target/surefire/surefirebooter-20250811155722510_3.jar"/>
    <property name="sun.management.compiler" value="HotSpot 64-Bit Tiered Compilers"/>
    <property name="ftp.nonProxyHosts" value="local|*.local|169.254/16|*.169.254/16"/>
    <property name="java.runtime.version" value="23.0.2"/>
    <property name="user.name" value="nishitamatlani"/>
    <property name="stdout.encoding" value="UTF-8"/>
    <property name="path.separator" value=":"/>
    <property name="os.version" value="15.3"/>
    <property name="java.runtime.name" value="OpenJDK Runtime Environment"/>
    <property name="file.encoding" value="UTF-8"/>
    <property name="java.vm.name" value="OpenJDK 64-Bit Server VM"/>
    <property name="java.vendor.version" value="Homebrew"/>
    <property name="localRepository" value="/Users/nishitamatlani/.m2/repository"/>
    <property name="java.vendor.url.bug" value="https://github.com/Homebrew/homebrew-core/issues"/>
    <property name="java.io.tmpdir" value="/var/folders/1t/zpc_3c3d039cn7bcqzxdmsz80000gn/T/"/>
    <property name="java.version" value="23.0.2"/>
    <property name="user.dir" value="/Users/nishitamatlani/Documents/GitHub/Graddie_project"/>
    <property name="os.arch" value="aarch64"/>
    <property name="java.vm.specification.name" value="Java Virtual Machine Specification"/>
    <property name="native.encoding" value="UTF-8"/>
    <property name="java.library.path" value="/Users/nishitamatlani/Library/Java/Extensions:/Library/Java/Extensions:/Network/Library/Java/Extensions:/System/Library/Java/Extensions:/usr/lib/java:."/>
    <property name="java.vm.info" value="mixed mode, sharing"/>
    <property name="stderr.encoding" value="UTF-8"/>
    <property name="java.vendor" value="Homebrew"/>
    <property name="java.vm.version" value="23.0.2"/>
    <property name="sun.io.unicode.encoding" value="UnicodeBig"/>
    <property name="socksNonProxyHosts" value="local|*.local|169.254/16|*.169.254/16"/>
    <property name="java.class.version" value="67.0"/>
  </properties>
  <testcase name="testSubmissionCreation" classname="com.agentic.GradingSystemTest" time="0.145">
    <system-out><![CDATA[15:57:22,810 |-INFO in ch.qos.logback.classic.LoggerContext[default] - This is logback-classic version 1.4.11
15:57:22,811 |-INFO in ch.qos.logback.classic.util.ContextInitializer@418c5a9c - No custom configurators were discovered as a service.
15:57:22,811 |-INFO in ch.qos.logback.classic.util.ContextInitializer@418c5a9c - Trying to configure with ch.qos.logback.classic.joran.SerializedModelConfigurator
15:57:22,811 |-INFO in ch.qos.logback.classic.util.ContextInitializer@418c5a9c - Constructed configurator of type class ch.qos.logback.classic.joran.SerializedModelConfigurator
15:57:22,823 |-INFO in ch.qos.logback.classic.LoggerContext[default] - Could NOT find resource [logback-test.scmo]
15:57:22,823 |-INFO in ch.qos.logback.classic.LoggerContext[default] - Could NOT find resource [logback.scmo]
15:57:22,829 |-INFO in ch.qos.logback.classic.util.ContextInitializer@418c5a9c - ch.qos.logback.classic.joran.SerializedModelConfigurator.configure() call lasted 12 milliseconds. ExecutionStatus=INVOKE_NEXT_IF_ANY
15:57:22,829 |-INFO in ch.qos.logback.classic.util.ContextInitializer@418c5a9c - Trying to configure with ch.qos.logback.classic.util.DefaultJoranConfigurator
15:57:22,829 |-INFO in ch.qos.logback.classic.util.ContextInitializer@418c5a9c - Constructed configurator of type class ch.qos.logback.classic.util.DefaultJoranConfigurator
15:57:22,829 |-INFO in ch.qos.logback.classic.LoggerContext[default] - Could NOT find resource [logback-test.xml]
15:57:22,830 |-INFO in ch.qos.logback.classic.LoggerContext[default] - Found resource [logback.xml] at [file:/Users/nishitamatlani/Documents/GitHub/Graddie_project/target/classes/logback.xml]
15:57:22,875 |-WARN in ch.qos.logback.core.model.processor.AppenderModelHandler - Appender named [STDOUT] not referenced. Skipping further processing.
15:57:22,875 |-INFO in ch.qos.logback.core.model.processor.AppenderModelHandler - Processing appender named [FILE]
15:57:22,875 |-INFO in ch.qos.logback.core.model.processor.AppenderModelHandler - About to instantiate appender of type [ch.qos.logback.core.rolling.RollingFileAppender]
15:57:22,891 |-INFO in c.q.l.core.rolling.TimeBasedRollingPolicy@417557780 - No compression will be used
15:57:22,891 |-INFO in c.q.l.core.rolling.TimeBasedRollingPolicy@417557780 - Will use the pattern logs/agentic-grader.%d{yyyy-MM-dd}.log for the active file
15:57:22,903 |-INFO in c.q.l.core.rolling.DefaultTimeBasedFileNamingAndTriggeringPolicy - The date pattern is 'yyyy-MM-dd' from file name pattern 'logs/agentic-grader.%d{yyyy-MM-dd}.log'.
15:57:22,903 |-INFO in c.q.l.core.rolling.DefaultTimeBasedFileNamingAndTriggeringPolicy - Roll-over at midnight.
15:57:22,905 |-INFO in c.q.l.core.rolling.DefaultTimeBasedFileNamingAndTriggeringPolicy - Setting initial period to 2025-08-08T00:46:44.088Z
15:57:22,906 |-INFO in ch.qos.logback.core.model.processor.ImplicitModelHandler - Assuming default type [ch.qos.logback.classic.encoder.PatternLayoutEncoder] for [encoder] property
15:57:22,911 |-INFO in ch.qos.logback.core.rolling.RollingFileAppender[FILE] - Active log file name: logs/agentic-grader.log
15:57:22,911 |-INFO in ch.qos.logback.core.rolling.RollingFileAppender[FILE] - File property is set to [logs/agentic-grader.log]
15:57:22,912 |-INFO in ch.qos.logback.classic.model.processor.LoggerModelHandler - Setting level of logger [com.agentic] to OFF
15:57:22,912 |-INFO in ch.qos.logback.classic.model.processor.LoggerModelHandler - Setting level of logger [akka] to OFF
15:57:22,912 |-INFO in ch.qos.logback.classic.model.processor.LoggerModelHandler - Setting level of logger [akka.cluster] to OFF
15:57:22,912 |-INFO in ch.qos.logback.classic.model.processor.LoggerModelHandler - Setting level of logger [akka.remote] to OFF
15:57:22,912 |-INFO in ch.qos.logback.classic.model.processor.RootLoggerModelHandler - Setting level of ROOT logger to OFF
15:57:22,912 |-INFO in ch.qos.logback.core.model.processor.AppenderRefModelHandler - Attaching appender named [FILE] to Logger[ROOT]
15:57:22,912 |-INFO in ch.qos.logback.core.model.processor.DefaultProcessor@5082d622 - End of configuration.
15:57:22,912 |-INFO in ch.qos.logback.classic.joran.JoranConfigurator@13d4992d - Registering current configuration as safe fallback point
15:57:22,912 |-INFO in ch.qos.logback.classic.util.ContextInitializer@418c5a9c - ch.qos.logback.classic.util.DefaultJoranConfigurator.configure() call lasted 83 milliseconds. ExecutionStatus=DO_NOT_INVOKE_NEXT_IF_ANY

]]></system-out>
  </testcase>
  <testcase name="testGradingResultCreation" classname="com.agentic.GradingSystemTest" time="0.004"/>
  <testcase name="testKeyTermsExtraction" classname="com.agentic.GradingSystemTest" time="0.007"/>
  <testcase name="testWordCountStats" classname="com.agentic.GradingSystemTest" time="0.004"/>
  <testcase name="testGradingResultCalculations" classname="com.agentic.GradingSystemTest" time="0.001"/>
  <testcase name="testTextPreprocessing" classname="com.agentic.GradingSystemTest" time="0.003"/>
  <testcase name="testRubricLoading" classname="com.agentic.GradingSystemTest" time="0.001"/>
  <testcase name="testCsvUtilsSampleCreation" classname="com.agentic.GradingSystemTest" time="0.003"/>
</testsuite>